<?xml version="1.0" encoding="UTF-8"?>
<!-- Generated by org.testng.reporters.JUnitReportReporter -->
<testsuite hostname="Lakshya" failures="0" tests="1" name="com.tutorialsninja.tests.DropDownMenuTest" time="15.582" errors="0" timestamp="2024-03-16T19:54:38 IST" skipped="0">
  <testcase classname="com.tutorialsninja.tests.DropDownMenuTest" name="dropDownMenuTest" time="15.582"/>
</testsuite> <!-- com.tutorialsninja.tests.DropDownMenuTest -->
